This is pdfTeX, Version 3.1415926-2.4-1.40.13 (TeX Live 2012/TeX Live for SUSE Linux) (format=pdflatex 2014.2.10)  3 APR 2014 22:06
entering extended mode
 restricted \write18 enabled.
 %&-line parsing enabled.
**report.tex
(./report.tex
LaTeX2e <2011/06/27>
Babel <v3.8m> and hyphenation patterns for english, dumylang, nohyphenation, ge
rman-x-2011-07-01, ngerman-x-2011-07-01, afrikaans, ancientgreek, ibycus, arabi
c, armenian, basque, bulgarian, catalan, pinyin, coptic, croatian, czech, danis
h, dutch, ukenglish, usenglishmax, esperanto, estonian, ethiopic, farsi, finnis
h, french, friulan, galician, german, ngerman, swissgerman, monogreek, greek, h
ungarian, icelandic, assamese, bengali, gujarati, hindi, kannada, malayalam, ma
rathi, oriya, panjabi, tamil, telugu, indonesian, interlingua, irish, italian, 
kurmanji, lao, latin, latvian, lithuanian, mongolian, mongolianlmc, bokmal, nyn
orsk, polish, portuguese, romanian, romansh, russian, sanskrit, serbian, serbia
nc, slovak, slovenian, spanish, swedish, turkish, turkmen, ukrainian, uppersorb
ian, welsh, loaded.
(/usr/share/texmf/tex/latex/base/article.cls
Document Class: article 2007/10/19 v1.4h Standard LaTeX document class
(/usr/share/texmf/tex/latex/base/size12.clo
File: size12.clo 2007/10/19 v1.4h Standard LaTeX file (size option)
)
\c@part=\count79
\c@section=\count80
\c@subsection=\count81
\c@subsubsection=\count82
\c@paragraph=\count83
\c@subparagraph=\count84
\c@figure=\count85
\c@table=\count86
\abovecaptionskip=\skip41
\belowcaptionskip=\skip42
\bibindent=\dimen102
)
(/usr/share/texmf/tex/latex/geometry/geometry.sty
Package: geometry 2010/09/12 v5.6 Page Geometry

(/usr/share/texmf/tex/latex/graphics/keyval.sty
Package: keyval 1999/03/16 v1.13 key=value parser (DPC)
\KV@toks@=\toks14
)
(/usr/share/texmf/tex/generic/oberdiek/ifpdf.sty
Package: ifpdf 2011/01/30 v2.3 Provides the ifpdf switch (HO)
Package ifpdf Info: pdfTeX in PDF mode is detected.
)
(/usr/share/texmf/tex/generic/oberdiek/ifvtex.sty
Package: ifvtex 2010/03/01 v1.5 Detect VTeX and its facilities (HO)
Package ifvtex Info: VTeX not detected.
)
(/usr/share/texmf/tex/generic/ifxetex/ifxetex.sty
Package: ifxetex 2010/09/12 v0.6 Provides ifxetex conditional
)
\Gm@cnth=\count87
\Gm@cntv=\count88
\c@Gm@tempcnt=\count89
\Gm@bindingoffset=\dimen103
\Gm@wd@mp=\dimen104
\Gm@odd@mp=\dimen105
\Gm@even@mp=\dimen106
\Gm@layoutwidth=\dimen107
\Gm@layoutheight=\dimen108
\Gm@layouthoffset=\dimen109
\Gm@layoutvoffset=\dimen110
\Gm@dimlist=\toks15
)
(/usr/share/texmf/tex/latex/graphics/graphicx.sty
Package: graphicx 1999/02/16 v1.0f Enhanced LaTeX Graphics (DPC,SPQR)

(/usr/share/texmf/tex/latex/graphics/graphics.sty
Package: graphics 2009/02/05 v1.0o Standard LaTeX Graphics (DPC,SPQR)

(/usr/share/texmf/tex/latex/graphics/trig.sty
Package: trig 1999/03/16 v1.09 sin cos tan (DPC)
)
(/usr/share/texmf/tex/latex/latexconfig/graphics.cfg
File: graphics.cfg 2010/04/23 v1.9 graphics configuration of TeX Live
)
Package graphics Info: Driver file: pdftex.def on input line 91.

(/usr/share/texmf/tex/latex/pdftex-def/pdftex.def
File: pdftex.def 2011/05/27 v0.06d Graphics/color for pdfTeX

(/usr/share/texmf/tex/generic/oberdiek/infwarerr.sty
Package: infwarerr 2010/04/08 v1.3 Providing info/warning/error messages (HO)
)
(/usr/share/texmf/tex/generic/oberdiek/ltxcmds.sty
Package: ltxcmds 2011/11/09 v1.22 LaTeX kernel commands for general use (HO)
)
\Gread@gobject=\count90
))
\Gin@req@height=\dimen111
\Gin@req@width=\dimen112
)
(/usr/share/texmf/tex/latex/listings/listings.sty
\lst@mode=\count91
\lst@gtempboxa=\box26
\lst@token=\toks16
\lst@length=\count92
\lst@currlwidth=\dimen113
\lst@column=\count93
\lst@pos=\count94
\lst@lostspace=\dimen114
\lst@width=\dimen115
\lst@newlines=\count95
\lst@lineno=\count96
\lst@maxwidth=\dimen116

(/usr/share/texmf/tex/latex/listings/lstmisc.sty
File: lstmisc.sty 2007/02/22 1.4 (Carsten Heinz)
\c@lstnumber=\count97
\lst@skipnumbers=\count98
\lst@framebox=\box27
)
(/usr/share/texmf/tex/latex/listings/listings.cfg
File: listings.cfg 2007/02/22 1.4 listings configuration
))
Package: listings 2007/02/22 1.4 (Carsten Heinz)

(/usr/share/texmf/tex/latex/listings/lstlang1.sty
File: lstlang1.sty 2004/09/05 1.3 listings language file
) (./report.aux)
\openout1 = `report.aux'.

LaTeX Font Info:    Checking defaults for OML/cmm/m/it on input line 8.
LaTeX Font Info:    ... okay on input line 8.
LaTeX Font Info:    Checking defaults for T1/cmr/m/n on input line 8.
LaTeX Font Info:    ... okay on input line 8.
LaTeX Font Info:    Checking defaults for OT1/cmr/m/n on input line 8.
LaTeX Font Info:    ... okay on input line 8.
LaTeX Font Info:    Checking defaults for OMS/cmsy/m/n on input line 8.
LaTeX Font Info:    ... okay on input line 8.
LaTeX Font Info:    Checking defaults for OMX/cmex/m/n on input line 8.
LaTeX Font Info:    ... okay on input line 8.
LaTeX Font Info:    Checking defaults for U/cmr/m/n on input line 8.
LaTeX Font Info:    ... okay on input line 8.

*geometry* driver: auto-detecting
*geometry* detected driver: pdftex
*geometry* verbose mode - [ preamble ] result:
* driver: pdftex
* paper: <default>
* layout: <same size as paper>
* layoutoffset:(h,v)=(0.0pt,0.0pt)
* modes: 
* h-part:(L,W,R)=(76.78688pt, 460.72124pt, 76.78688pt)
* v-part:(T,H,B)=(79.49698pt, 596.22748pt, 119.24553pt)
* \paperwidth=614.295pt
* \paperheight=794.96999pt
* \textwidth=460.72124pt
* \textheight=596.22748pt
* \oddsidemargin=4.51689pt
* \evensidemargin=4.51689pt
* \topmargin=-29.77301pt
* \headheight=12.0pt
* \headsep=25.0pt
* \topskip=12.0pt
* \footskip=30.0pt
* \marginparwidth=44.0pt
* \marginparsep=10.0pt
* \columnsep=10.0pt
* \skip\footins=10.8pt plus 4.0pt minus 2.0pt
* \hoffset=0.0pt
* \voffset=0.0pt
* \mag=1000
* \@twocolumnfalse
* \@twosidefalse
* \@mparswitchfalse
* \@reversemarginfalse
* (1in=72.27pt=25.4mm, 1cm=28.453pt)

(/usr/share/texmf/tex/context/base/supp-pdf.mkii
[Loading MPS to PDF converter (version 2006.09.02).]
\scratchcounter=\count99
\scratchdimen=\dimen117
\scratchbox=\box28
\nofMPsegments=\count100
\nofMParguments=\count101
\everyMPshowfont=\toks17
\MPscratchCnt=\count102
\MPscratchDim=\dimen118
\MPnumerator=\count103
\makeMPintoPDFobject=\count104
\everyMPtoPDFconversion=\toks18
) (/usr/share/texmf/tex/generic/oberdiek/pdftexcmds.sty
Package: pdftexcmds 2011/11/29 v0.20 Utility functions of pdfTeX for LuaTeX (HO
)

(/usr/share/texmf/tex/generic/oberdiek/ifluatex.sty
Package: ifluatex 2010/03/01 v1.3 Provides the ifluatex switch (HO)
Package ifluatex Info: LuaTeX not detected.
)
Package pdftexcmds Info: LuaTeX not detected.
Package pdftexcmds Info: \pdf@primitive is available.
Package pdftexcmds Info: \pdf@ifprimitive is available.
Package pdftexcmds Info: \pdfdraftmode found.
)
(/usr/share/texmf/tex/latex/oberdiek/epstopdf-base.sty
Package: epstopdf-base 2010/02/09 v2.5 Base part for package epstopdf

(/usr/share/texmf/tex/latex/oberdiek/grfext.sty
Package: grfext 2010/08/19 v1.1 Manage graphics extensions (HO)

(/usr/share/texmf/tex/generic/oberdiek/kvdefinekeys.sty
Package: kvdefinekeys 2011/04/07 v1.3 Define keys (HO)
))
(/usr/share/texmf/tex/latex/oberdiek/kvoptions.sty
Package: kvoptions 2011/06/30 v3.11 Key value format for package options (HO)

(/usr/share/texmf/tex/generic/oberdiek/kvsetkeys.sty
Package: kvsetkeys 2012/04/25 v1.16 Key value parser (HO)

(/usr/share/texmf/tex/generic/oberdiek/etexcmds.sty
Package: etexcmds 2011/02/16 v1.5 Avoid name clashes with e-TeX commands (HO)
Package etexcmds Info: Could not find \expanded.
(etexcmds)             That can mean that you are not using pdfTeX 1.50 or
(etexcmds)             that some package has redefined \expanded.
(etexcmds)             In the latter case, load this package earlier.
)))
Package grfext Info: Graphics extension search list:
(grfext)             [.png,.pdf,.jpg,.mps,.jpeg,.jbig2,.jb2,.PNG,.PDF,.JPG,.JPE
G,.JBIG2,.JB2,.eps]
(grfext)             \AppendGraphicsExtensions on input line 452.

(/usr/share/texmf/tex/latex/latexconfig/epstopdf-sys.cfg
File: epstopdf-sys.cfg 2010/07/13 v1.3 Configuration of (r)epstopdf for TeX Liv
e
))
\c@lstlisting=\count105
LaTeX Font Info:    External font `cmex10' loaded for size
(Font)              <14.4> on input line 13.
LaTeX Font Info:    External font `cmex10' loaded for size
(Font)              <7> on input line 13.
 (./report.toc
LaTeX Font Info:    External font `cmex10' loaded for size
(Font)              <12> on input line 2.
LaTeX Font Info:    External font `cmex10' loaded for size
(Font)              <8> on input line 2.
LaTeX Font Info:    External font `cmex10' loaded for size
(Font)              <6> on input line 2.
)
\tf@toc=\write3
\openout3 = `report.toc'.


[1

{/var/lib/texmf/fonts/map/pdftex/updmap/pdftex.map}]
<real1.jpg, id=9, 513.92pt x 385.44pt>
File: real1.jpg Graphic file (type jpg)
 <use real1.jpg>
Package pdftex.def Info: real1.jpg used on input line 20.
(pdftex.def)             Requested size: 289.07999pt x 216.80946pt.

<real2.jpg, id=10, 513.92pt x 385.44pt>
File: real2.jpg Graphic file (type jpg)
 <use real2.jpg>
Package pdftex.def Info: real2.jpg used on input line 21.
(pdftex.def)             Requested size: 289.07999pt x 216.80946pt.

<real3.jpg, id=11, 513.92pt x 385.44pt>
File: real3.jpg Graphic file (type jpg)
 <use real3.jpg>
Package pdftex.def Info: real3.jpg used on input line 22.
(pdftex.def)             Requested size: 289.07999pt x 216.80946pt.

<real4.jpg, id=12, 513.92pt x 385.44pt>
File: real4.jpg Graphic file (type jpg)
 <use real4.jpg>
Package pdftex.def Info: real4.jpg used on input line 23.
(pdftex.def)             Requested size: 289.07999pt x 216.80946pt.

<real5.jpg, id=13, 513.92pt x 385.44pt>
File: real5.jpg Graphic file (type jpg)
 <use real5.jpg>
Package pdftex.def Info: real5.jpg used on input line 24.
(pdftex.def)             Requested size: 289.07999pt x 216.80946pt.

<real6.jpg, id=14, 513.92pt x 385.44pt>
File: real6.jpg Graphic file (type jpg)
 <use real6.jpg>
Package pdftex.def Info: real6.jpg used on input line 25.
(pdftex.def)             Requested size: 289.07999pt x 216.80946pt.

<real7.jpg, id=15, 513.92pt x 385.44pt>
File: real7.jpg Graphic file (type jpg)
 <use real7.jpg>
Package pdftex.def Info: real7.jpg used on input line 26.
(pdftex.def)             Requested size: 289.07999pt x 216.80946pt.

<real8.jpg, id=16, 513.92pt x 385.44pt>
File: real8.jpg Graphic file (type jpg)
 <use real8.jpg>
Package pdftex.def Info: real8.jpg used on input line 27.
(pdftex.def)             Requested size: 289.07999pt x 216.80946pt.

<real9.jpg, id=17, 513.92pt x 385.44pt>
File: real9.jpg Graphic file (type jpg)
 <use real9.jpg>
Package pdftex.def Info: real9.jpg used on input line 28.
(pdftex.def)             Requested size: 289.07999pt x 216.80946pt.

<real10.jpg, id=18, 513.92pt x 385.44pt>
File: real10.jpg Graphic file (type jpg)
 <use real10.jpg>
Package pdftex.def Info: real10.jpg used on input line 29.
(pdftex.def)             Requested size: 289.07999pt x 216.80946pt.
 [2 <./real1.jpg> <./real2.jpg>] [3 <./real3.jpg> <./real4.jpg>] [4 <./real5.jp
g> <./real6.jpg>]
[5 <./real7.jpg> <./real8.jpg>] <riskfree1.jpg, id=31, 513.92pt x 385.44pt>
File: riskfree1.jpg Graphic file (type jpg)

<use riskfree1.jpg>
Package pdftex.def Info: riskfree1.jpg used on input line 34.
(pdftex.def)             Requested size: 289.07999pt x 216.80946pt.
 <riskfree2.jpg, id=32, 513.92pt x 385.44pt>
File: riskfree2.jpg Graphic file (type jpg)

<use riskfree2.jpg>
Package pdftex.def Info: riskfree2.jpg used on input line 35.
(pdftex.def)             Requested size: 289.07999pt x 216.80946pt.
 <riskfree3.jpg, id=33, 513.92pt x 385.44pt>
File: riskfree3.jpg Graphic file (type jpg)

<use riskfree3.jpg>
Package pdftex.def Info: riskfree3.jpg used on input line 36.
(pdftex.def)             Requested size: 289.07999pt x 216.80946pt.
 <riskfree4.jpg, id=34, 513.92pt x 385.44pt>
File: riskfree4.jpg Graphic file (type jpg)

<use riskfree4.jpg>
Package pdftex.def Info: riskfree4.jpg used on input line 37.
(pdftex.def)             Requested size: 289.07999pt x 216.80946pt.
 <riskfree5.jpg, id=35, 513.92pt x 385.44pt>
File: riskfree5.jpg Graphic file (type jpg)

<use riskfree5.jpg>
Package pdftex.def Info: riskfree5.jpg used on input line 38.
(pdftex.def)             Requested size: 289.07999pt x 216.80946pt.
 <riskfree6.jpg, id=36, 513.92pt x 385.44pt>
File: riskfree6.jpg Graphic file (type jpg)

<use riskfree6.jpg>
Package pdftex.def Info: riskfree6.jpg used on input line 39.
(pdftex.def)             Requested size: 289.07999pt x 216.80946pt.
 <riskfree7.jpg, id=37, 513.92pt x 385.44pt>
File: riskfree7.jpg Graphic file (type jpg)

<use riskfree7.jpg>
Package pdftex.def Info: riskfree7.jpg used on input line 40.
(pdftex.def)             Requested size: 289.07999pt x 216.80946pt.
 <riskfree8.jpg, id=38, 513.92pt x 385.44pt>
File: riskfree8.jpg Graphic file (type jpg)

<use riskfree8.jpg>
Package pdftex.def Info: riskfree8.jpg used on input line 41.
(pdftex.def)             Requested size: 289.07999pt x 216.80946pt.
 <riskfree9.jpg, id=39, 513.92pt x 385.44pt>
File: riskfree9.jpg Graphic file (type jpg)

<use riskfree9.jpg>
Package pdftex.def Info: riskfree9.jpg used on input line 42.
(pdftex.def)             Requested size: 289.07999pt x 216.80946pt.
 <riskfree10.jpg, id=40, 513.92pt x 385.44pt>
File: riskfree10.jpg Graphic file (type jpg)

<use riskfree10.jpg>
Package pdftex.def Info: riskfree10.jpg used on input line 43.
(pdftex.def)             Requested size: 289.07999pt x 216.80946pt.
 [6 <./real9.jpg> <./real10.jpg>] [7 <./riskfree1.jpg> <./riskfree2.jpg>] [8 <.
/riskfree3.jpg> <./riskfree4.jpg>] [9 <./riskfree5.jpg> <./riskfree6.jpg>] [10 
<./riskfree7.jpg> <./riskfree8.jpg>] [11 <./riskfree9.jpg> <./riskfree10.jpg>] 
(./geometricbrownian.m

LaTeX Font Warning: Font shape `OT1/cmss/m/it' in size <12> not available
(Font)              Font shape `OT1/cmss/m/sl' tried instead on input line 2.

LaTeX Font Info:    Try loading font information for OMS+cmss on input line 10.

LaTeX Font Info:    No file OMScmss.fd. on input line 10.

LaTeX Font Warning: Font shape `OMS/cmss/m/n' undefined
(Font)              using `OMS/cmsy/m/n' instead
(Font)              for symbol `textasteriskcentered' on input line 10.

) (./lab10.m [12]) [13] (./report.aux)

LaTeX Font Warning: Some font shapes were not available, defaults substituted.

 ) 
Here is how much of TeX's memory you used:
 3897 strings out of 493607
 53833 string characters out of 3149945
 225412 words of memory out of 3500000
 7159 multiletter control sequences out of 15000+200000
 9756 words of font info for 34 fonts, out of 3000000 for 9000
 831 hyphenation exceptions out of 8191
 38i,6n,40p,239b,1630s stack positions out of 5000i,500n,10000p,200000b,50000s
</usr/share/texmf/fonts/type1/public/amsfonts/cm/cmss12.pfb></usr/share/texmf
/fonts/type1/public/amsfonts/cm/cmss17.pfb></usr/share/texmf/fonts/type1/public
/amsfonts/cm/cmssbx10.pfb></usr/share/texmf/fonts/type1/public/amsfonts/cm/cmss
i12.pfb></usr/share/texmf/fonts/type1/public/amsfonts/cm/cmsy10.pfb>
Output written on report.pdf (13 pages, 472345 bytes).
PDF statistics:
 87 PDF objects out of 1000 (max. 8388607)
 46 compressed objects within 1 object stream
 0 named destinations out of 1000 (max. 500000)
 101 words of extra memory for PDF output out of 10000 (max. 10000000)

