This is pdfTeX, Version 3.1415926-2.4-1.40.13 (MiKTeX 2.9 64-bit) (preloaded format=pdflatex 2013.3.15)  24 JAN 2014 20:51
entering extended mode
**report.tex

("C:\Users\kumar harsha\Dropbox\Programs\kh_MA374\18kumar.harshaMA374lab3\repor
t.tex"
LaTeX2e <2011/06/27>
Babel <v3.8m> and hyphenation patterns for english, afrikaans, ancientgreek, ar
abic, armenian, assamese, basque, bengali, bokmal, bulgarian, catalan, coptic, 
croatian, czech, danish, dutch, esperanto, estonian, farsi, finnish, french, ga
lician, german, german-x-2012-05-30, greek, gujarati, hindi, hungarian, iceland
ic, indonesian, interlingua, irish, italian, kannada, kurmanji, latin, latvian,
 lithuanian, malayalam, marathi, mongolian, mongolianlmc, monogreek, ngerman, n
german-x-2012-05-30, nynorsk, oriya, panjabi, pinyin, polish, portuguese, roman
ian, russian, sanskrit, serbian, slovak, slovenian, spanish, swedish, swissgerm
an, tamil, telugu, turkish, turkmen, ukenglish, ukrainian, uppersorbian, usengl
ishmax, welsh, loaded.
("C:\Program Files\MiKTeX 2.9\tex\latex\base\article.cls"
Document Class: article 2007/10/19 v1.4h Standard LaTeX document class
("C:\Program Files\MiKTeX 2.9\tex\latex\base\size12.clo"
File: size12.clo 2007/10/19 v1.4h Standard LaTeX file (size option)
)
\c@part=\count79
\c@section=\count80
\c@subsection=\count81
\c@subsubsection=\count82
\c@paragraph=\count83
\c@subparagraph=\count84
\c@figure=\count85
\c@table=\count86
\abovecaptionskip=\skip41
\belowcaptionskip=\skip42
\bibindent=\dimen102
)
("C:\Program Files\MiKTeX 2.9\tex\latex\geometry\geometry.sty"
Package: geometry 2010/09/12 v5.6 Page Geometry

("C:\Program Files\MiKTeX 2.9\tex\latex\graphics\keyval.sty"
Package: keyval 1999/03/16 v1.13 key=value parser (DPC)
\KV@toks@=\toks14
)
("C:\Program Files\MiKTeX 2.9\tex\generic\oberdiek\ifpdf.sty"
Package: ifpdf 2011/01/30 v2.3 Provides the ifpdf switch (HO)
Package ifpdf Info: pdfTeX in PDF mode is detected.
)
("C:\Program Files\MiKTeX 2.9\tex\generic\oberdiek\ifvtex.sty"
Package: ifvtex 2010/03/01 v1.5 Detect VTeX and its facilities (HO)
Package ifvtex Info: VTeX not detected.
)
("C:\Program Files\MiKTeX 2.9\tex\generic\ifxetex\ifxetex.sty"
Package: ifxetex 2010/09/12 v0.6 Provides ifxetex conditional
)
\Gm@cnth=\count87
\Gm@cntv=\count88
\c@Gm@tempcnt=\count89
\Gm@bindingoffset=\dimen103
\Gm@wd@mp=\dimen104
\Gm@odd@mp=\dimen105
\Gm@even@mp=\dimen106
\Gm@layoutwidth=\dimen107
\Gm@layoutheight=\dimen108
\Gm@layouthoffset=\dimen109
\Gm@layoutvoffset=\dimen110
\Gm@dimlist=\toks15

("C:\Program Files\MiKTeX 2.9\tex\latex\geometry\geometry.cfg"))
("C:\Program Files\MiKTeX 2.9\tex\latex\graphics\graphicx.sty"
Package: graphicx 1999/02/16 v1.0f Enhanced LaTeX Graphics (DPC,SPQR)

("C:\Program Files\MiKTeX 2.9\tex\latex\graphics\graphics.sty"
Package: graphics 2009/02/05 v1.0o Standard LaTeX Graphics (DPC,SPQR)

("C:\Program Files\MiKTeX 2.9\tex\latex\graphics\trig.sty"
Package: trig 1999/03/16 v1.09 sin cos tan (DPC)
)
("C:\Program Files\MiKTeX 2.9\tex\latex\00miktex\graphics.cfg"
File: graphics.cfg 2007/01/18 v1.5 graphics configuration of teTeX/TeXLive
)
Package graphics Info: Driver file: pdftex.def on input line 91.

("C:\Program Files\MiKTeX 2.9\tex\latex\pdftex-def\pdftex.def"
File: pdftex.def 2011/05/27 v0.06d Graphics/color for pdfTeX

("C:\Program Files\MiKTeX 2.9\tex\generic\oberdiek\infwarerr.sty"
Package: infwarerr 2010/04/08 v1.3 Providing info/warning/error messages (HO)
)
("C:\Program Files\MiKTeX 2.9\tex\generic\oberdiek\ltxcmds.sty"
Package: ltxcmds 2011/11/09 v1.22 LaTeX kernel commands for general use (HO)
)
\Gread@gobject=\count90
))
\Gin@req@height=\dimen111
\Gin@req@width=\dimen112
)
("C:\Program Files\MiKTeX 2.9\tex\latex\listings\listings.sty"
\lst@mode=\count91
\lst@gtempboxa=\box26
\lst@token=\toks16
\lst@length=\count92
\lst@currlwidth=\dimen113
\lst@column=\count93
\lst@pos=\count94
\lst@lostspace=\dimen114
\lst@width=\dimen115
\lst@newlines=\count95
\lst@lineno=\count96
\lst@maxwidth=\dimen116

("C:\Program Files\MiKTeX 2.9\tex\latex\listings\lstmisc.sty"
File: lstmisc.sty 2007/02/22 1.4 (Carsten Heinz)
\c@lstnumber=\count97
\lst@skipnumbers=\count98
\lst@framebox=\box27
)
("C:\Program Files\MiKTeX 2.9\tex\latex\listings\listings.cfg"
File: listings.cfg 2007/02/22 1.4 listings configuration
))
Package: listings 2007/02/22 1.4 (Carsten Heinz)

("C:\Program Files\MiKTeX 2.9\tex\latex\listings\lstlang1.sty"
File: lstlang1.sty 2004/09/05 1.3 listings language file
)
("C:\Users\kumar harsha\Dropbox\Programs\kh_MA374\18kumar.harshaMA374lab3\repor
t.aux")
LaTeX Font Info:    Checking defaults for OML/cmm/m/it on input line 8.
LaTeX Font Info:    ... okay on input line 8.
LaTeX Font Info:    Checking defaults for T1/cmr/m/n on input line 8.
LaTeX Font Info:    ... okay on input line 8.
LaTeX Font Info:    Checking defaults for OT1/cmr/m/n on input line 8.
LaTeX Font Info:    ... okay on input line 8.
LaTeX Font Info:    Checking defaults for OMS/cmsy/m/n on input line 8.
LaTeX Font Info:    ... okay on input line 8.
LaTeX Font Info:    Checking defaults for OMX/cmex/m/n on input line 8.
LaTeX Font Info:    ... okay on input line 8.
LaTeX Font Info:    Checking defaults for U/cmr/m/n on input line 8.
LaTeX Font Info:    ... okay on input line 8.

*geometry* driver: auto-detecting
*geometry* detected driver: pdftex
*geometry* verbose mode - [ preamble ] result:
* driver: pdftex
* paper: <default>
* layout: <same size as paper>
* layoutoffset:(h,v)=(0.0pt,0.0pt)
* modes: 
* h-part:(L,W,R)=(76.78688pt, 460.72124pt, 76.78688pt)
* v-part:(T,H,B)=(79.49698pt, 596.22748pt, 119.24553pt)
* \paperwidth=614.295pt
* \paperheight=794.96999pt
* \textwidth=460.72124pt
* \textheight=596.22748pt
* \oddsidemargin=4.51689pt
* \evensidemargin=4.51689pt
* \topmargin=-29.77301pt
* \headheight=12.0pt
* \headsep=25.0pt
* \topskip=12.0pt
* \footskip=30.0pt
* \marginparwidth=44.0pt
* \marginparsep=10.0pt
* \columnsep=10.0pt
* \skip\footins=10.8pt plus 4.0pt minus 2.0pt
* \hoffset=0.0pt
* \voffset=0.0pt
* \mag=1000
* \@twocolumnfalse
* \@twosidefalse
* \@mparswitchfalse
* \@reversemarginfalse
* (1in=72.27pt=25.4mm, 1cm=28.453pt)

("C:\Program Files\MiKTeX 2.9\tex\context\base\supp-pdf.mkii"
[Loading MPS to PDF converter (version 2006.09.02).]
\scratchcounter=\count99
\scratchdimen=\dimen117
\scratchbox=\box28
\nofMPsegments=\count100
\nofMParguments=\count101
\everyMPshowfont=\toks17
\MPscratchCnt=\count102
\MPscratchDim=\dimen118
\MPnumerator=\count103
\makeMPintoPDFobject=\count104
\everyMPtoPDFconversion=\toks18
)
\c@lstlisting=\count105
LaTeX Font Info:    External font `cmex10' loaded for size
(Font)              <14.4> on input line 13.
LaTeX Font Info:    External font `cmex10' loaded for size
(Font)              <7> on input line 13.

("C:\Users\kumar harsha\Dropbox\Programs\kh_MA374\18kumar.harshaMA374lab3\repor
t.toc")
\tf@toc=\write3
 [1

{C:/ProgramData/MiKTeX/2.9/pdftex/config/pdftex.map}]
LaTeX Font Info:    External font `cmex10' loaded for size
(Font)              <12> on input line 21.
LaTeX Font Info:    External font `cmex10' loaded for size
(Font)              <8> on input line 21.
LaTeX Font Info:    External font `cmex10' loaded for size
(Font)              <6> on input line 21.

<start.jpg, id=8, 563.10374pt x 421.575pt>
File: start.jpg Graphic file (type jpg)
 <use start.jpg>
Package pdftex.def Info: start.jpg used on input line 31.
(pdftex.def)             Requested size: 433.62pt x 324.63948pt.

<strike.jpg, id=9, 563.10374pt x 421.575pt>
File: strike.jpg Graphic file (type jpg)
 <use strike.jpg>
Package pdftex.def Info: strike.jpg used on input line 35.
(pdftex.def)             Requested size: 433.62pt x 324.63948pt.
 [2 <C:/Users/kumar harsha/Dropbox/Programs/kh_MA374/18kumar.harshaMA374lab3/st
art.jpg>]
<rate.jpg, id=13, 563.10374pt x 421.575pt>
File: rate.jpg Graphic file (type jpg)
 <use rate.jpg>
Package pdftex.def Info: rate.jpg used on input line 39.
(pdftex.def)             Requested size: 433.62pt x 324.63948pt.
 [3 <C:/Users/kumar harsha/Dropbox/Programs/kh_MA374/18kumar.harshaMA374lab3/st
rike.jpg>]
<sigma.jpg, id=17, 563.10374pt x 421.575pt>
File: sigma.jpg Graphic file (type jpg)
 <use sigma.jpg>
Package pdftex.def Info: sigma.jpg used on input line 43.
(pdftex.def)             Requested size: 433.62pt x 324.63948pt.
 [4 <C:/Users/kumar harsha/Dropbox/Programs/kh_MA374/18kumar.harshaMA374lab3/ra
te.jpg>]
<steps95.jpg, id=21, 563.10374pt x 421.575pt>
File: steps95.jpg Graphic file (type jpg)
 <use steps95.jpg>
Package pdftex.def Info: steps95.jpg used on input line 47.
(pdftex.def)             Requested size: 433.62pt x 324.63948pt.

<steps100.jpg, id=22, 563.10374pt x 421.575pt> [5 <C:/Users/kumar harsha/Dropbo
x/Programs/kh_MA374/18kumar.harshaMA374lab3/sigma.jpg>]
File: steps100.jpg Graphic file (type jpg)
 <use steps100.jpg>
Package pdftex.def Info: steps100.jpg used on input line 48.
(pdftex.def)             Requested size: 433.62pt x 324.63948pt.

<steps105.jpg, id=26, 563.10374pt x 421.575pt> [6 <C:/Users/kumar harsha/Dropbo
x/Programs/kh_MA374/18kumar.harshaMA374lab3/steps95.jpg>]
File: steps105.jpg Graphic file (type jpg)
 <use steps105.jpg>
Package pdftex.def Info: steps105.jpg used on input line 49.
(pdftex.def)             Requested size: 433.62pt x 324.63948pt.

[7 <C:/Users/kumar harsha/Dropbox/Programs/kh_MA374/18kumar.harshaMA374lab3/ste
ps100.jpg>] [8 <C:/Users/kumar harsha/Dropbox/Programs/kh_MA374/18kumar.harshaM
A374lab3/steps105.jpg>]
("C:\Users\kumar harsha\Dropbox\Programs\kh_MA374\18kumar.harshaMA374lab3\ameri
cancallWD.m"

LaTeX Font Warning: Font shape `OT1/cmss/m/it' in size <12> not available
(Font)              Font shape `OT1/cmss/m/sl' tried instead on input line 2.

LaTeX Font Info:    Try loading font information for OMS+cmss on input line 14.

LaTeX Font Info:    No file OMScmss.fd. on input line 14.

LaTeX Font Warning: Font shape `OMS/cmss/m/n' undefined
(Font)              using `OMS/cmsy/m/n' instead
(Font)              for symbol `textasteriskcentered' on input line 14.

)
("C:\Users\kumar harsha\Dropbox\Programs\kh_MA374\18kumar.harshaMA374lab3\ameri
canputWD.m" [9] [10])
("C:\Users\kumar harsha\Dropbox\Programs\kh_MA374\18kumar.harshaMA374lab3\lab3.
m" [11] [12] [13])
("C:\Users\kumar harsha\Dropbox\Programs\kh_MA374\18kumar.harshaMA374lab3\lookb
ack.m" [14]) [15]
("C:\Users\kumar harsha\Dropbox\Programs\kh_MA374\18kumar.harshaMA374lab3\repor
t.aux")

LaTeX Font Warning: Some font shapes were not available, defaults substituted.

 ) 
Here is how much of TeX's memory you used:
 3516 strings out of 493921
 48817 string characters out of 3147261
 269245 words of memory out of 3000000
 6794 multiletter control sequences out of 15000+200000
 9756 words of font info for 34 fonts, out of 3000000 for 9000
 841 hyphenation exceptions out of 8191
 27i,7n,40p,256b,1628s stack positions out of 5000i,500n,10000p,200000b,50000s
<C:/Program Files/MiKTeX 2.9/fonts/type1/public/amsfonts/cm/cmmi12.pfb><C:/Pr
ogram Files/MiKTeX 2.9/fonts/type1/public/amsfonts/cm/cmr12.pfb><C:/Program Fil
es/MiKTeX 2.9/fonts/type1/public/amsfonts/cm/cmss12.pfb><C:/Program Files/MiKTe
X 2.9/fonts/type1/public/amsfonts/cm/cmss17.pfb><C:/Program Files/MiKTeX 2.9/fo
nts/type1/public/amsfonts/cm/cmssbx10.pfb><C:/Program Files/MiKTeX 2.9/fonts/ty
pe1/public/amsfonts/cm/cmssi12.pfb><C:/Program Files/MiKTeX 2.9/fonts/type1/pub
lic/amsfonts/cm/cmsy10.pfb>
Output written on report.pdf (15 pages, 248395 bytes).
PDF statistics:
 86 PDF objects out of 1000 (max. 8388607)
 0 named destinations out of 1000 (max. 500000)
 36 words of extra memory for PDF output out of 10000 (max. 10000000)

